Using pre-set license
Built from '2020.3/release' branch; Version is '2020.3.12f1 (b3b2c6512326) revision 11776710'; Using compiler version '192528614'; Build Type 'Release'
OS: 'Windows 10 Pro; OS build 19042.1052; Version 2009; 64bit' Language: 'en' Physical Memory: 16275 MB
BatchMode: 1, IsHumanControllingUs: 0, StartBugReporterOnCrash: 0, Is64bit: 1, IsPro: 0

 COMMAND LINE ARGUMENTS:
C:\Users\v.novakovic\Documents\unity-personal\2020.3.12f1\Editor\Unity.exe
-adb2
-batchMode
-noUpm
-name
AssetImportWorker0
-projectPath
C:/Users/v.novakovic/Documents/unity-play/tierra-del-fuego/Tierra del Fuego
-logFile
Logs/AssetImportWorker0.log
-srvPort
64566
Successfully changed project path to: C:/Users/v.novakovic/Documents/unity-play/tierra-del-fuego/Tierra del Fuego
C:/Users/v.novakovic/Documents/unity-play/tierra-del-fuego/Tierra del Fuego
Using Asset Import Pipeline V2.
Refreshing native plugins compatible for Editor in 40.18 ms, found 2 plugins.
Preloading 0 native plugins for Editor in 0.00 ms.
Initialize engine version: 2020.3.12f1 (b3b2c6512326)
[Subsystems] Discovering subsystems at path C:/Users/v.novakovic/Documents/unity-personal/2020.3.12f1/Editor/Data/Resources/UnitySubsystems
[Subsystems] Discovering subsystems at path C:/Users/v.novakovic/Documents/unity-play/tierra-del-fuego/Tierra del Fuego/Assets
GfxDevice: creating device client; threaded=0
Direct3D:
    Version:  Direct3D 11.0 [level 11.1]
    Renderer: AMD Radeon R5 M335 (ID=0x6660)
    Vendor:   
    VRAM:     4087 MB
    Driver:   26.20.15026.1
Initialize mono
Mono path[0] = 'C:/Users/v.novakovic/Documents/unity-personal/2020.3.12f1/Editor/Data/Managed'
Mono path[1] = 'C:/Users/v.novakovic/Documents/unity-personal/2020.3.12f1/Editor/Data/MonoBleedingEdge/lib/mono/unityjit'
Mono config path = 'C:/Users/v.novakovic/Documents/unity-personal/2020.3.12f1/Editor/Data/MonoBleedingEdge/etc'
Using monoOptions --debugger-agent=transport=dt_socket,embedding=1,server=y,suspend=n,address=127.0.0.1:56556
Begin MonoManager ReloadAssembly
Registering precompiled unity dll's ...
Register platform support module: C:/Users/v.novakovic/Documents/unity-personal/2020.3.12f1/Editor/Data/PlaybackEngines/WindowsStandaloneSupport/UnityEditor.WindowsStandalone.Extensions.dll
Registered in 0.002845 seconds.
Native extension for WindowsStandalone target not found
Refreshing native plugins compatible for Editor in 40.35 ms, found 2 plugins.
Preloading 0 native plugins for Editor in 0.00 ms.
Mono: successfully reloaded assembly
- Completed reload, in  1.500 seconds
Platform modules already initialized, skipping
Registering precompiled user dll's ...
Registered in 0.007486 seconds.
Begin MonoManager ReloadAssembly
Native extension for WindowsStandalone target not found
Refreshing native plugins compatible for Editor in 0.59 ms, found 2 plugins.
Preloading 0 native plugins for Editor in 0.00 ms.
Mono: successfully reloaded assembly
- Completed reload, in  1.503 seconds
Platform modules already initialized, skipping
========================================================================
Worker process is ready to serve import requests
Launched and connected shader compiler UnityShaderCompiler.exe after 0.07 seconds
Refreshing native plugins compatible for Editor in 0.47 ms, found 2 plugins.
Preloading 0 native plugins for Editor in 0.00 ms.
Unloading 1388 Unused Serialized files (Serialized files now loaded: 0)
System memory in use before: 77.7 MB.
System memory in use after: 77.8 MB.

Unloading 19 unused Assets to reduce memory usage. Loaded Objects now: 1839.
Total: 3.606500 ms (FindLiveObjects: 0.183000 ms CreateObjectMapping: 0.046200 ms MarkObjects: 3.238400 ms  DeleteObjects: 0.137300 ms)

AssetImportParameters requested are different than current active one (requested -> active):
  custom:framework-win-MediaFoundation: 216162199b28c13a410421893ffa2e32 -> 
  custom:video-decoder-ogg-theora: a1e56fd34408186e4bbccfd4996cb3dc -> 
  custom:container-muxer-webm: aa71ff27fc2769a1b78a27578f13a17b -> 
  custom:container-demuxer-webm: 4f35f7cbe854078d1ac9338744f61a02 -> 
  custom:container-demuxer-ogg: 62fdf1f143b41e24485cea50d1cbac27 -> 
  custom:video-encoder-webm-vp8: eb34c28f22e8b96e1ab97ce403110664 -> 
  custom:video-decoder-webm-vp8: 9c59270c3fd7afecdb556c50c9e8de78 -> 
  custom:audio-decoder-ogg-vorbis: bf7c407c2cedff20999df2af8eb42d56 -> 
  custom:audio-encoder-webm-vorbis: bf7c407c2cedff20999df2af8eb42d56 -> 
========================================================================
Received Import Request.
  path: Assets/Scripts/Movement
  artifactKey: Guid(faddac6f2b292f64a844d89b6c03df0a) Importer(815301076,1909f56bfc062723c751e8b465ee728b)
Start importing Assets/Scripts/Movement using Guid(faddac6f2b292f64a844d89b6c03df0a) Importer(815301076,1909f56bfc062723c751e8b465ee728b)  -> (artifact id: '84f4d8c3c111102d6c2273ab42c7971f') in 0.005561 seconds 
  Import took 0.008244 seconds .

========================================================================
Received Import Request.
  Time since last request: 0.408243 seconds.
  path: Assets/Scenes/Shared/Dirt layer.terrainlayer
  artifactKey: Guid(d38299173b0d363409ccb9d5e175c7b8) Importer(815301076,1909f56bfc062723c751e8b465ee728b)
Start importing Assets/Scenes/Shared/Dirt layer.terrainlayer using Guid(d38299173b0d363409ccb9d5e175c7b8) Importer(815301076,1909f56bfc062723c751e8b465ee728b)  -> (artifact id: 'de0ce5e7037e87942b0d6d5b096238b9') in 0.106690 seconds 
  Import took 0.110490 seconds .

========================================================================
Received Import Request.
  Time since last request: 0.000507 seconds.
  path: Assets/Scenes/Shared/Light green grass layer.terrainlayer
  artifactKey: Guid(ea614bf48c0917e4b98701df44af478a) Importer(815301076,1909f56bfc062723c751e8b465ee728b)
Start importing Assets/Scenes/Shared/Light green grass layer.terrainlayer using Guid(ea614bf48c0917e4b98701df44af478a) Importer(815301076,1909f56bfc062723c751e8b465ee728b)  -> (artifact id: 'db2582a784225df328452f61bd761f2c') in 0.012222 seconds 
  Import took 0.016033 seconds .

========================================================================
Received Import Request.
  Time since last request: 0.000454 seconds.
  path: Assets/Scenes/Shared/Light dirt layer.terrainlayer
  artifactKey: Guid(b88e21acad8a9c347867645bd06c65c2) Importer(815301076,1909f56bfc062723c751e8b465ee728b)
Start importing Assets/Scenes/Shared/Light dirt layer.terrainlayer using Guid(b88e21acad8a9c347867645bd06c65c2) Importer(815301076,1909f56bfc062723c751e8b465ee728b)  -> (artifact id: 'cab7a89faa5ee766ca0ce1a447dab308') in 0.014818 seconds 
  Import took 0.018610 seconds .

========================================================================
Received Import Request.
  Time since last request: 0.000466 seconds.
  path: Assets/Scenes/Shared/Green Grass.terrainlayer
  artifactKey: Guid(7dfcfde4ab84d2c449408f95a4f15e2e) Importer(815301076,1909f56bfc062723c751e8b465ee728b)
Start importing Assets/Scenes/Shared/Green Grass.terrainlayer using Guid(7dfcfde4ab84d2c449408f95a4f15e2e) Importer(815301076,1909f56bfc062723c751e8b465ee728b)  -> (artifact id: 'c446008d6094e2d0d64e54d635b27434') in 0.012929 seconds 
  Import took 0.016965 seconds .

========================================================================
Received Import Request.
  Time since last request: 2.480253 seconds.
  path: Assets/Scenes/Sandbox.unity
  artifactKey: Guid(9fc0d4010bbf28b4594072e72b8655ab) Importer(815301076,1909f56bfc062723c751e8b465ee728b)
Start importing Assets/Scenes/Sandbox.unity using Guid(9fc0d4010bbf28b4594072e72b8655ab) Importer(815301076,1909f56bfc062723c751e8b465ee728b)  -> (artifact id: '00461f3fa3e3de351456648e0b81dc5d') in 0.003813 seconds 
  Import took 0.007638 seconds .

========================================================================
Received Import Request.
  Time since last request: 0.001335 seconds.
  path: Assets/Scenes/Sandbox.unity
  artifactKey: Guid(9fc0d4010bbf28b4594072e72b8655ab) Importer(815301076,1909f56bfc062723c751e8b465ee728b)
Start importing Assets/Scenes/Sandbox.unity using Guid(9fc0d4010bbf28b4594072e72b8655ab) Importer(815301076,1909f56bfc062723c751e8b465ee728b)  -> (artifact id: '00461f3fa3e3de351456648e0b81dc5d') in 0.003479 seconds 
  Import took 0.008642 seconds .

========================================================================
Received Prepare
Registering precompiled user dll's ...
Registered in 0.005388 seconds.
Begin MonoManager ReloadAssembly
Native extension for WindowsStandalone target not found
Refreshing native plugins compatible for Editor in 0.37 ms, found 2 plugins.
Preloading 0 native plugins for Editor in 0.00 ms.
Mono: successfully reloaded assembly
- Completed reload, in  1.437 seconds
Platform modules already initialized, skipping
Refreshing native plugins compatible for Editor in 0.37 ms, found 2 plugins.
Preloading 0 native plugins for Editor in 0.00 ms.
Unloading 1383 Unused Serialized files (Serialized files now loaded: 0)
System memory in use before: 80.7 MB.
System memory in use after: 80.8 MB.

Unloading 14 unused Assets to reduce memory usage. Loaded Objects now: 1847.
Total: 2.636900 ms (FindLiveObjects: 0.193000 ms CreateObjectMapping: 0.047900 ms MarkObjects: 2.298000 ms  DeleteObjects: 0.096800 ms)

AssetImportParameters requested are different than current active one (requested -> active):
  custom:framework-win-MediaFoundation: 216162199b28c13a410421893ffa2e32 -> 
  custom:video-decoder-ogg-theora: a1e56fd34408186e4bbccfd4996cb3dc -> 
  custom:container-muxer-webm: aa71ff27fc2769a1b78a27578f13a17b -> 
  custom:container-demuxer-webm: 4f35f7cbe854078d1ac9338744f61a02 -> 
  custom:container-demuxer-ogg: 62fdf1f143b41e24485cea50d1cbac27 -> 
  custom:video-encoder-webm-vp8: eb34c28f22e8b96e1ab97ce403110664 -> 
  custom:video-decoder-webm-vp8: 9c59270c3fd7afecdb556c50c9e8de78 -> 
  custom:audio-decoder-ogg-vorbis: bf7c407c2cedff20999df2af8eb42d56 -> 
  custom:audio-encoder-webm-vorbis: bf7c407c2cedff20999df2af8eb42d56 -> 
========================================================================
Received Prepare
Registering precompiled user dll's ...
Registered in 0.008773 seconds.
Begin MonoManager ReloadAssembly
Native extension for WindowsStandalone target not found
Refreshing native plugins compatible for Editor in 0.38 ms, found 2 plugins.
Preloading 0 native plugins for Editor in 0.00 ms.
Mono: successfully reloaded assembly
- Completed reload, in  1.827 seconds
Platform modules already initialized, skipping
Refreshing native plugins compatible for Editor in 0.45 ms, found 2 plugins.
Preloading 0 native plugins for Editor in 0.00 ms.
Unloading 1383 Unused Serialized files (Serialized files now loaded: 0)
System memory in use before: 80.7 MB.
System memory in use after: 80.8 MB.

Unloading 14 unused Assets to reduce memory usage. Loaded Objects now: 1850.
Total: 2.292600 ms (FindLiveObjects: 0.192200 ms CreateObjectMapping: 0.066100 ms MarkObjects: 1.926500 ms  DeleteObjects: 0.106500 ms)

AssetImportParameters requested are different than current active one (requested -> active):
  custom:framework-win-MediaFoundation: 216162199b28c13a410421893ffa2e32 -> 
  custom:video-decoder-ogg-theora: a1e56fd34408186e4bbccfd4996cb3dc -> 
  custom:container-muxer-webm: aa71ff27fc2769a1b78a27578f13a17b -> 
  custom:container-demuxer-webm: 4f35f7cbe854078d1ac9338744f61a02 -> 
  custom:container-demuxer-ogg: 62fdf1f143b41e24485cea50d1cbac27 -> 
  custom:video-encoder-webm-vp8: eb34c28f22e8b96e1ab97ce403110664 -> 
  custom:video-decoder-webm-vp8: 9c59270c3fd7afecdb556c50c9e8de78 -> 
  custom:audio-decoder-ogg-vorbis: bf7c407c2cedff20999df2af8eb42d56 -> 
  custom:audio-encoder-webm-vorbis: bf7c407c2cedff20999df2af8eb42d56 -> 
========================================================================
Received Import Request.
  Time since last request: 672.570703 seconds.
  path: Assets/Game/Characters
  artifactKey: Guid(5b193934ba52eb44cb9b96e637b8db3c) Importer(815301076,1909f56bfc062723c751e8b465ee728b)
Start importing Assets/Game/Characters using Guid(5b193934ba52eb44cb9b96e637b8db3c) Importer(815301076,1909f56bfc062723c751e8b465ee728b)  -> (artifact id: 'ee99c273b18ddf537c863ef3448a6c12') in 0.012609 seconds 
  Import took 0.017110 seconds .

========================================================================
Received Import Request.
  Time since last request: 0.054899 seconds.
  path: Assets/Game/Characters/Player.prefab
  artifactKey: Guid(03a0788dd4f3ff44da0e29a9e9451820) Importer(815301076,1909f56bfc062723c751e8b465ee728b)
Start importing Assets/Game/Characters/Player.prefab using Guid(03a0788dd4f3ff44da0e29a9e9451820) Importer(815301076,1909f56bfc062723c751e8b465ee728b)  -> (artifact id: '801e3b8fc6afe87a058ef6bf4145ab94') in 0.152215 seconds 
  Import took 0.156410 seconds .

========================================================================
Received Import Request.
  Time since last request: 3.075739 seconds.
  path: Assets/Game/Characters/Enemy.prefab
  artifactKey: Guid(5317df88ea4a29e4b88e11ab68745951) Importer(815301076,1909f56bfc062723c751e8b465ee728b)
Start importing Assets/Game/Characters/Enemy.prefab using Guid(5317df88ea4a29e4b88e11ab68745951) Importer(815301076,1909f56bfc062723c751e8b465ee728b)  -> (artifact id: 'd0b5700a07a2fd568489a242c46b2239') in 0.019708 seconds 
  Import took 0.023493 seconds .

========================================================================
Received Import Request.
  Time since last request: 0.008314 seconds.
  path: Assets/Game/Characters/Enemy.prefab
  artifactKey: Guid(5317df88ea4a29e4b88e11ab68745951) Importer(815301076,1909f56bfc062723c751e8b465ee728b)
Start importing Assets/Game/Characters/Enemy.prefab using Guid(5317df88ea4a29e4b88e11ab68745951) Importer(815301076,1909f56bfc062723c751e8b465ee728b)  -> (artifact id: 'd0b5700a07a2fd568489a242c46b2239') in 0.016791 seconds 
  Import took 0.020764 seconds .

========================================================================
Received Prepare
Registering precompiled user dll's ...
Registered in 0.006465 seconds.
Begin MonoManager ReloadAssembly
Native extension for WindowsStandalone target not found
Refreshing native plugins compatible for Editor in 0.36 ms, found 2 plugins.
Preloading 0 native plugins for Editor in 0.00 ms.
Mono: successfully reloaded assembly
- Completed reload, in  1.233 seconds
Platform modules already initialized, skipping
Refreshing native plugins compatible for Editor in 0.38 ms, found 2 plugins.
Preloading 0 native plugins for Editor in 0.00 ms.
Unloading 1383 Unused Serialized files (Serialized files now loaded: 0)
System memory in use before: 94.5 MB.
System memory in use after: 94.5 MB.

Unloading 15 unused Assets to reduce memory usage. Loaded Objects now: 1860.
Total: 2.492100 ms (FindLiveObjects: 0.254000 ms CreateObjectMapping: 0.062100 ms MarkObjects: 2.083700 ms  DeleteObjects: 0.090900 ms)

AssetImportParameters requested are different than current active one (requested -> active):
  custom:framework-win-MediaFoundation: 216162199b28c13a410421893ffa2e32 -> 
  custom:video-decoder-ogg-theora: a1e56fd34408186e4bbccfd4996cb3dc -> 
  custom:container-muxer-webm: aa71ff27fc2769a1b78a27578f13a17b -> 
  custom:container-demuxer-webm: 4f35f7cbe854078d1ac9338744f61a02 -> 
  custom:container-demuxer-ogg: 62fdf1f143b41e24485cea50d1cbac27 -> 
  custom:video-encoder-webm-vp8: eb34c28f22e8b96e1ab97ce403110664 -> 
  custom:video-decoder-webm-vp8: 9c59270c3fd7afecdb556c50c9e8de78 -> 
  custom:audio-decoder-ogg-vorbis: bf7c407c2cedff20999df2af8eb42d56 -> 
  custom:audio-encoder-webm-vorbis: bf7c407c2cedff20999df2af8eb42d56 -> 
========================================================================
Received Import Request.
  Time since last request: 153.358254 seconds.
  path: Assets/Scripts/Core
  artifactKey: Guid(f31d283afd3a8944f8ffbc4d2383f98b) Importer(815301076,1909f56bfc062723c751e8b465ee728b)
Start importing Assets/Scripts/Core using Guid(f31d283afd3a8944f8ffbc4d2383f98b) Importer(815301076,1909f56bfc062723c751e8b465ee728b)  -> (artifact id: '9a951435ebf4702fc4ad402b02762eb2') in 0.006418 seconds 
  Import took 0.010579 seconds .

========================================================================
Received Prepare
Registering precompiled user dll's ...
Registered in 0.008658 seconds.
Begin MonoManager ReloadAssembly
Native extension for WindowsStandalone target not found
Refreshing native plugins compatible for Editor in 0.45 ms, found 2 plugins.
Preloading 0 native plugins for Editor in 0.00 ms.
Mono: successfully reloaded assembly
- Completed reload, in  1.336 seconds
Platform modules already initialized, skipping
Refreshing native plugins compatible for Editor in 0.35 ms, found 2 plugins.
Preloading 0 native plugins for Editor in 0.00 ms.
Unloading 1383 Unused Serialized files (Serialized files now loaded: 0)
System memory in use before: 94.5 MB.
System memory in use after: 94.5 MB.

Unloading 14 unused Assets to reduce memory usage. Loaded Objects now: 1863.
Total: 2.677700 ms (FindLiveObjects: 0.173800 ms CreateObjectMapping: 0.053100 ms MarkObjects: 2.354500 ms  DeleteObjects: 0.095100 ms)

AssetImportParameters requested are different than current active one (requested -> active):
  custom:framework-win-MediaFoundation: 216162199b28c13a410421893ffa2e32 -> 
  custom:video-decoder-ogg-theora: a1e56fd34408186e4bbccfd4996cb3dc -> 
  custom:container-muxer-webm: aa71ff27fc2769a1b78a27578f13a17b -> 
  custom:container-demuxer-webm: 4f35f7cbe854078d1ac9338744f61a02 -> 
  custom:container-demuxer-ogg: 62fdf1f143b41e24485cea50d1cbac27 -> 
  custom:video-encoder-webm-vp8: eb34c28f22e8b96e1ab97ce403110664 -> 
  custom:video-decoder-webm-vp8: 9c59270c3fd7afecdb556c50c9e8de78 -> 
  custom:audio-decoder-ogg-vorbis: bf7c407c2cedff20999df2af8eb42d56 -> 
  custom:audio-encoder-webm-vorbis: bf7c407c2cedff20999df2af8eb42d56 -> 
========================================================================
Received Import Request.
  Time since last request: 212.696990 seconds.
  path: Assets/Scripts/Movement/Mover.cs
  artifactKey: Guid(09937cc54c42f0541936099d79ef3442) Importer(815301076,1909f56bfc062723c751e8b465ee728b)
Start importing Assets/Scripts/Movement/Mover.cs using Guid(09937cc54c42f0541936099d79ef3442) Importer(815301076,1909f56bfc062723c751e8b465ee728b)  -> (artifact id: 'b5114eec8c2b68ba090e3b6e07359eca') in 0.008391 seconds 
  Import took 0.011332 seconds .

========================================================================
Received Import Request.
  Time since last request: 7.623739 seconds.
  path: Assets/Scripts/PlayerController.cs
  artifactKey: Guid(324665e0ae5fd174b9888e30e695e13f) Importer(815301076,1909f56bfc062723c751e8b465ee728b)
Start importing Assets/Scripts/PlayerController.cs using Guid(324665e0ae5fd174b9888e30e695e13f) Importer(815301076,1909f56bfc062723c751e8b465ee728b)  -> (artifact id: 'f2ff31684f689fd0b119362bed6db89b') in 0.004504 seconds 
  Import took 0.013691 seconds .

========================================================================
Received Prepare
Registering precompiled user dll's ...
Registered in 0.005528 seconds.
Begin MonoManager ReloadAssembly
Native extension for WindowsStandalone target not found
Refreshing native plugins compatible for Editor in 0.59 ms, found 2 plugins.
Preloading 0 native plugins for Editor in 0.00 ms.
Mono: successfully reloaded assembly
- Completed reload, in  2.977 seconds
Platform modules already initialized, skipping
Refreshing native plugins compatible for Editor in 0.38 ms, found 2 plugins.
Preloading 0 native plugins for Editor in 0.00 ms.
Unloading 1384 Unused Serialized files (Serialized files now loaded: 0)
System memory in use before: 94.5 MB.
System memory in use after: 94.6 MB.

Unloading 14 unused Assets to reduce memory usage. Loaded Objects now: 1867.
Total: 3.705300 ms (FindLiveObjects: 0.201300 ms CreateObjectMapping: 0.061100 ms MarkObjects: 3.341900 ms  DeleteObjects: 0.098900 ms)

AssetImportParameters requested are different than current active one (requested -> active):
  custom:framework-win-MediaFoundation: 216162199b28c13a410421893ffa2e32 -> 
  custom:video-decoder-ogg-theora: a1e56fd34408186e4bbccfd4996cb3dc -> 
  custom:container-muxer-webm: aa71ff27fc2769a1b78a27578f13a17b -> 
  custom:container-demuxer-webm: 4f35f7cbe854078d1ac9338744f61a02 -> 
  custom:container-demuxer-ogg: 62fdf1f143b41e24485cea50d1cbac27 -> 
  custom:video-encoder-webm-vp8: eb34c28f22e8b96e1ab97ce403110664 -> 
  custom:video-decoder-webm-vp8: 9c59270c3fd7afecdb556c50c9e8de78 -> 
  custom:audio-decoder-ogg-vorbis: bf7c407c2cedff20999df2af8eb42d56 -> 
  custom:audio-encoder-webm-vorbis: bf7c407c2cedff20999df2af8eb42d56 -> 
========================================================================
Received Import Request.
  Time since last request: 116.441203 seconds.
  path: Assets/Scripts/PlayerController.cs
  artifactKey: Guid(324665e0ae5fd174b9888e30e695e13f) Importer(815301076,1909f56bfc062723c751e8b465ee728b)
Start importing Assets/Scripts/PlayerController.cs using Guid(324665e0ae5fd174b9888e30e695e13f) Importer(815301076,1909f56bfc062723c751e8b465ee728b)  -> (artifact id: '843152e53447b7dc3b6c008481faded4') in 0.035626 seconds 
  Import took 0.048524 seconds .

========================================================================
Received Import Request.
  Time since last request: 4.691959 seconds.
  path: Assets/Scripts/Control
  artifactKey: Guid(d4ae1eff9c74806498f64361f3fb7998) Importer(815301076,1909f56bfc062723c751e8b465ee728b)
Start importing Assets/Scripts/Control using Guid(d4ae1eff9c74806498f64361f3fb7998) Importer(815301076,1909f56bfc062723c751e8b465ee728b)  -> (artifact id: 'a1217112f83de1fac15a38695b1cca4a') in 0.006066 seconds 
  Import took 0.010338 seconds .

========================================================================
Received Prepare
Registering precompiled user dll's ...
Registered in 0.010398 seconds.
Begin MonoManager ReloadAssembly
Native extension for WindowsStandalone target not found
Refreshing native plugins compatible for Editor in 0.38 ms, found 2 plugins.
Preloading 0 native plugins for Editor in 0.00 ms.
Mono: successfully reloaded assembly
- Completed reload, in  2.183 seconds
Platform modules already initialized, skipping
Refreshing native plugins compatible for Editor in 1.21 ms, found 2 plugins.
Preloading 0 native plugins for Editor in 0.00 ms.
Unloading 1384 Unused Serialized files (Serialized files now loaded: 0)
System memory in use before: 94.5 MB.
System memory in use after: 94.6 MB.

Unloading 14 unused Assets to reduce memory usage. Loaded Objects now: 1870.
Total: 5.245000 ms (FindLiveObjects: 0.183600 ms CreateObjectMapping: 0.065000 ms MarkObjects: 4.823700 ms  DeleteObjects: 0.170700 ms)

AssetImportParameters requested are different than current active one (requested -> active):
  custom:framework-win-MediaFoundation: 216162199b28c13a410421893ffa2e32 -> 
  custom:video-decoder-ogg-theora: a1e56fd34408186e4bbccfd4996cb3dc -> 
  custom:container-muxer-webm: aa71ff27fc2769a1b78a27578f13a17b -> 
  custom:container-demuxer-webm: 4f35f7cbe854078d1ac9338744f61a02 -> 
  custom:container-demuxer-ogg: 62fdf1f143b41e24485cea50d1cbac27 -> 
  custom:video-encoder-webm-vp8: eb34c28f22e8b96e1ab97ce403110664 -> 
  custom:video-decoder-webm-vp8: 9c59270c3fd7afecdb556c50c9e8de78 -> 
  custom:audio-decoder-ogg-vorbis: bf7c407c2cedff20999df2af8eb42d56 -> 
  custom:audio-encoder-webm-vorbis: bf7c407c2cedff20999df2af8eb42d56 -> 
========================================================================
Received Import Request.
  Time since last request: 284.035781 seconds.
  path: Assets/Game/Characters/Player.prefab
  artifactKey: Guid(03a0788dd4f3ff44da0e29a9e9451820) Importer(815301076,1909f56bfc062723c751e8b465ee728b)
Start importing Assets/Game/Characters/Player.prefab using Guid(03a0788dd4f3ff44da0e29a9e9451820) Importer(815301076,1909f56bfc062723c751e8b465ee728b)  -> (artifact id: '0bc4e5d18d291974b70a6cdf99f24171') in 0.138625 seconds 
  Import took 0.147940 seconds .

========================================================================
Received Prepare
Registering precompiled user dll's ...
Registered in 0.005786 seconds.
Begin MonoManager ReloadAssembly
Native extension for WindowsStandalone target not found
Refreshing native plugins compatible for Editor in 0.39 ms, found 2 plugins.
Preloading 0 native plugins for Editor in 0.00 ms.
Mono: successfully reloaded assembly
- Completed reload, in  1.583 seconds
Platform modules already initialized, skipping
Refreshing native plugins compatible for Editor in 0.54 ms, found 2 plugins.
Preloading 0 native plugins for Editor in 0.00 ms.
Unloading 1384 Unused Serialized files (Serialized files now loaded: 0)
System memory in use before: 94.5 MB.
System memory in use after: 94.6 MB.

Unloading 14 unused Assets to reduce memory usage. Loaded Objects now: 1874.
Total: 3.061500 ms (FindLiveObjects: 0.316000 ms CreateObjectMapping: 0.052500 ms MarkObjects: 2.593000 ms  DeleteObjects: 0.098700 ms)

AssetImportParameters requested are different than current active one (requested -> active):
  custom:framework-win-MediaFoundation: 216162199b28c13a410421893ffa2e32 -> 
  custom:video-decoder-ogg-theora: a1e56fd34408186e4bbccfd4996cb3dc -> 
  custom:container-muxer-webm: aa71ff27fc2769a1b78a27578f13a17b -> 
  custom:container-demuxer-webm: 4f35f7cbe854078d1ac9338744f61a02 -> 
  custom:container-demuxer-ogg: 62fdf1f143b41e24485cea50d1cbac27 -> 
  custom:video-encoder-webm-vp8: eb34c28f22e8b96e1ab97ce403110664 -> 
  custom:video-decoder-webm-vp8: 9c59270c3fd7afecdb556c50c9e8de78 -> 
  custom:audio-decoder-ogg-vorbis: bf7c407c2cedff20999df2af8eb42d56 -> 
  custom:audio-encoder-webm-vorbis: bf7c407c2cedff20999df2af8eb42d56 -> 
AssetImportWorkerClient::OnTransportError - code=2 error=End of file
