Using pre-set license
Built from '2020.3/release' branch; Version is '2020.3.12f1 (b3b2c6512326) revision 11776710'; Using compiler version '192528614'; Build Type 'Release'
OS: 'Windows 10 Pro; OS build 19042.1052; Version 2009; 64bit' Language: 'en' Physical Memory: 16275 MB
BatchMode: 1, IsHumanControllingUs: 0, StartBugReporterOnCrash: 0, Is64bit: 1, IsPro: 0

 COMMAND LINE ARGUMENTS:
C:\Users\v.novakovic\Documents\unity-personal\2020.3.12f1\Editor\Unity.exe
-adb2
-batchMode
-noUpm
-name
AssetImportWorker0
-projectPath
C:/Users/v.novakovic/Documents/unity-play/tierra-del-fuego/Tierra del Fuego
-logFile
Logs/AssetImportWorker0.log
-srvPort
62077
Successfully changed project path to: C:/Users/v.novakovic/Documents/unity-play/tierra-del-fuego/Tierra del Fuego
C:/Users/v.novakovic/Documents/unity-play/tierra-del-fuego/Tierra del Fuego
Using Asset Import Pipeline V2.
Refreshing native plugins compatible for Editor in 54.54 ms, found 2 plugins.
Preloading 0 native plugins for Editor in 0.00 ms.
Initialize engine version: 2020.3.12f1 (b3b2c6512326)
[Subsystems] Discovering subsystems at path C:/Users/v.novakovic/Documents/unity-personal/2020.3.12f1/Editor/Data/Resources/UnitySubsystems
[Subsystems] Discovering subsystems at path C:/Users/v.novakovic/Documents/unity-play/tierra-del-fuego/Tierra del Fuego/Assets
GfxDevice: creating device client; threaded=0
Direct3D:
    Version:  Direct3D 11.0 [level 11.1]
    Renderer: AMD Radeon R5 M335 (ID=0x6660)
    Vendor:   
    VRAM:     4087 MB
    Driver:   26.20.15026.1
Initialize mono
Mono path[0] = 'C:/Users/v.novakovic/Documents/unity-personal/2020.3.12f1/Editor/Data/Managed'
Mono path[1] = 'C:/Users/v.novakovic/Documents/unity-personal/2020.3.12f1/Editor/Data/MonoBleedingEdge/lib/mono/unityjit'
Mono config path = 'C:/Users/v.novakovic/Documents/unity-personal/2020.3.12f1/Editor/Data/MonoBleedingEdge/etc'
Using monoOptions --debugger-agent=transport=dt_socket,embedding=1,server=y,suspend=n,address=127.0.0.1:56556
Begin MonoManager ReloadAssembly
Registering precompiled unity dll's ...
Register platform support module: C:/Users/v.novakovic/Documents/unity-personal/2020.3.12f1/Editor/Data/PlaybackEngines/WindowsStandaloneSupport/UnityEditor.WindowsStandalone.Extensions.dll
Registered in 0.002873 seconds.
Native extension for WindowsStandalone target not found
Refreshing native plugins compatible for Editor in 47.71 ms, found 2 plugins.
Preloading 0 native plugins for Editor in 0.00 ms.
Mono: successfully reloaded assembly
- Completed reload, in  2.027 seconds
Platform modules already initialized, skipping
Registering precompiled user dll's ...
Registered in 0.013030 seconds.
Begin MonoManager ReloadAssembly
Native extension for WindowsStandalone target not found
Refreshing native plugins compatible for Editor in 0.37 ms, found 2 plugins.
Preloading 0 native plugins for Editor in 0.00 ms.
Mono: successfully reloaded assembly
- Completed reload, in  1.885 seconds
Platform modules already initialized, skipping
========================================================================
Worker process is ready to serve import requests
Launched and connected shader compiler UnityShaderCompiler.exe after 0.13 seconds
Refreshing native plugins compatible for Editor in 3.21 ms, found 2 plugins.
Preloading 0 native plugins for Editor in 0.00 ms.
Unloading 1388 Unused Serialized files (Serialized files now loaded: 0)
System memory in use before: 77.7 MB.
System memory in use after: 77.7 MB.

Unloading 19 unused Assets to reduce memory usage. Loaded Objects now: 1839.
Total: 6.387800 ms (FindLiveObjects: 0.282300 ms CreateObjectMapping: 0.086200 ms MarkObjects: 5.866000 ms  DeleteObjects: 0.151200 ms)

AssetImportParameters requested are different than current active one (requested -> active):
  custom:framework-win-MediaFoundation: 216162199b28c13a410421893ffa2e32 -> 
  custom:video-decoder-ogg-theora: a1e56fd34408186e4bbccfd4996cb3dc -> 
  custom:container-muxer-webm: aa71ff27fc2769a1b78a27578f13a17b -> 
  custom:container-demuxer-webm: 4f35f7cbe854078d1ac9338744f61a02 -> 
  custom:container-demuxer-ogg: 62fdf1f143b41e24485cea50d1cbac27 -> 
  custom:video-encoder-webm-vp8: eb34c28f22e8b96e1ab97ce403110664 -> 
  custom:video-decoder-webm-vp8: 9c59270c3fd7afecdb556c50c9e8de78 -> 
  custom:audio-decoder-ogg-vorbis: bf7c407c2cedff20999df2af8eb42d56 -> 
  custom:audio-encoder-webm-vorbis: bf7c407c2cedff20999df2af8eb42d56 -> 
========================================================================
Received Import Request.
  path: Assets/Scripts/Mover.cs
  artifactKey: Guid(09937cc54c42f0541936099d79ef3442) Importer(815301076,1909f56bfc062723c751e8b465ee728b)
Start importing Assets/Scripts/Mover.cs using Guid(09937cc54c42f0541936099d79ef3442) Importer(815301076,1909f56bfc062723c751e8b465ee728b)  -> (artifact id: 'c36e53e4b05f01be62efb04a08beca71') in 0.052782 seconds 
  Import took 0.061803 seconds .

========================================================================
Received Prepare
Refreshing native plugins compatible for Editor in 8.98 ms, found 2 plugins.
Preloading 0 native plugins for Editor in 0.00 ms.
Unloading 12 Unused Serialized files (Serialized files now loaded: 0)
System memory in use before: 49.9 MB.
System memory in use after: 50.0 MB.

Unloading 12 unused Assets to reduce memory usage. Loaded Objects now: 1839.
Total: 6.630600 ms (FindLiveObjects: 0.471900 ms CreateObjectMapping: 1.089600 ms MarkObjects: 4.720900 ms  DeleteObjects: 0.346700 ms)

AssetImportParameters requested are different than current active one (requested -> active):
  custom:framework-win-MediaFoundation: 216162199b28c13a410421893ffa2e32 -> 
  custom:video-decoder-ogg-theora: a1e56fd34408186e4bbccfd4996cb3dc -> 
  custom:container-muxer-webm: aa71ff27fc2769a1b78a27578f13a17b -> 
  custom:container-demuxer-webm: 4f35f7cbe854078d1ac9338744f61a02 -> 
  custom:container-demuxer-ogg: 62fdf1f143b41e24485cea50d1cbac27 -> 
  custom:video-encoder-webm-vp8: eb34c28f22e8b96e1ab97ce403110664 -> 
  custom:video-decoder-webm-vp8: 9c59270c3fd7afecdb556c50c9e8de78 -> 
  custom:audio-decoder-ogg-vorbis: bf7c407c2cedff20999df2af8eb42d56 -> 
  custom:audio-encoder-webm-vorbis: bf7c407c2cedff20999df2af8eb42d56 -> 
========================================================================
Received Import Request.
  Time since last request: 231.280631 seconds.
  path: Assets/Scripts/FollowCamera.cs
  artifactKey: Guid(4c33bbb864dddf7438dc27b46f610d32) Importer(815301076,1909f56bfc062723c751e8b465ee728b)
Start importing Assets/Scripts/FollowCamera.cs using Guid(4c33bbb864dddf7438dc27b46f610d32) Importer(815301076,1909f56bfc062723c751e8b465ee728b)  -> (artifact id: '314f51c766da8558c59c1c321f7dc77f') in 0.004400 seconds 
  Import took 0.010850 seconds .

========================================================================
Received Prepare
Registering precompiled user dll's ...
Registered in 0.011609 seconds.
Begin MonoManager ReloadAssembly
Native extension for WindowsStandalone target not found
Refreshing native plugins compatible for Editor in 0.38 ms, found 2 plugins.
Preloading 0 native plugins for Editor in 0.00 ms.
Mono: successfully reloaded assembly
- Completed reload, in  1.364 seconds
Platform modules already initialized, skipping
Refreshing native plugins compatible for Editor in 0.36 ms, found 2 plugins.
Preloading 0 native plugins for Editor in 0.00 ms.
Unloading 1383 Unused Serialized files (Serialized files now loaded: 0)
System memory in use before: 77.6 MB.
System memory in use after: 77.7 MB.

Unloading 14 unused Assets to reduce memory usage. Loaded Objects now: 1842.
Total: 2.550100 ms (FindLiveObjects: 0.182600 ms CreateObjectMapping: 0.058500 ms MarkObjects: 2.226000 ms  DeleteObjects: 0.081500 ms)

AssetImportParameters requested are different than current active one (requested -> active):
  custom:framework-win-MediaFoundation: 216162199b28c13a410421893ffa2e32 -> 
  custom:video-decoder-ogg-theora: a1e56fd34408186e4bbccfd4996cb3dc -> 
  custom:container-muxer-webm: aa71ff27fc2769a1b78a27578f13a17b -> 
  custom:container-demuxer-webm: 4f35f7cbe854078d1ac9338744f61a02 -> 
  custom:container-demuxer-ogg: 62fdf1f143b41e24485cea50d1cbac27 -> 
  custom:video-encoder-webm-vp8: eb34c28f22e8b96e1ab97ce403110664 -> 
  custom:video-decoder-webm-vp8: 9c59270c3fd7afecdb556c50c9e8de78 -> 
  custom:audio-decoder-ogg-vorbis: bf7c407c2cedff20999df2af8eb42d56 -> 
  custom:audio-encoder-webm-vorbis: bf7c407c2cedff20999df2af8eb42d56 -> 
========================================================================
Received Import Request.
  Time since last request: 78.218912 seconds.
  path: Assets/Scripts/FollowCamera.cs
  artifactKey: Guid(4c33bbb864dddf7438dc27b46f610d32) Importer(815301076,1909f56bfc062723c751e8b465ee728b)
Start importing Assets/Scripts/FollowCamera.cs using Guid(4c33bbb864dddf7438dc27b46f610d32) Importer(815301076,1909f56bfc062723c751e8b465ee728b)  -> (artifact id: '5ce602eaf6c4080e1c376d28d754bc71') in 0.005413 seconds 
  Import took 0.008038 seconds .

========================================================================
Received Import Request.
  Time since last request: 2.614212 seconds.
  path: Assets/Scripts/FollowCamera.cs
  artifactKey: Guid(4c33bbb864dddf7438dc27b46f610d32) Importer(815301076,1909f56bfc062723c751e8b465ee728b)
Start importing Assets/Scripts/FollowCamera.cs using Guid(4c33bbb864dddf7438dc27b46f610d32) Importer(815301076,1909f56bfc062723c751e8b465ee728b)  -> (artifact id: '5ce602eaf6c4080e1c376d28d754bc71') in 0.004036 seconds 
  Import took 0.007147 seconds .

========================================================================
Received Prepare
Registering precompiled user dll's ...
Registered in 0.006080 seconds.
Begin MonoManager ReloadAssembly
Native extension for WindowsStandalone target not found
Refreshing native plugins compatible for Editor in 0.69 ms, found 2 plugins.
Preloading 0 native plugins for Editor in 0.00 ms.
Mono: successfully reloaded assembly
- Completed reload, in  1.950 seconds
Platform modules already initialized, skipping
Refreshing native plugins compatible for Editor in 0.82 ms, found 2 plugins.
Preloading 0 native plugins for Editor in 0.00 ms.
Unloading 1383 Unused Serialized files (Serialized files now loaded: 0)
System memory in use before: 77.7 MB.
System memory in use after: 77.7 MB.

Unloading 14 unused Assets to reduce memory usage. Loaded Objects now: 1845.
Total: 10.738300 ms (FindLiveObjects: 0.323500 ms CreateObjectMapping: 0.269900 ms MarkObjects: 10.010300 ms  DeleteObjects: 0.132100 ms)

AssetImportParameters requested are different than current active one (requested -> active):
  custom:framework-win-MediaFoundation: 216162199b28c13a410421893ffa2e32 -> 
  custom:video-decoder-ogg-theora: a1e56fd34408186e4bbccfd4996cb3dc -> 
  custom:container-muxer-webm: aa71ff27fc2769a1b78a27578f13a17b -> 
  custom:container-demuxer-webm: 4f35f7cbe854078d1ac9338744f61a02 -> 
  custom:container-demuxer-ogg: 62fdf1f143b41e24485cea50d1cbac27 -> 
  custom:video-encoder-webm-vp8: eb34c28f22e8b96e1ab97ce403110664 -> 
  custom:video-decoder-webm-vp8: 9c59270c3fd7afecdb556c50c9e8de78 -> 
  custom:audio-decoder-ogg-vorbis: bf7c407c2cedff20999df2af8eb42d56 -> 
  custom:audio-encoder-webm-vorbis: bf7c407c2cedff20999df2af8eb42d56 -> 
========================================================================
Received Prepare
Registering precompiled user dll's ...
Registered in 0.008910 seconds.
Begin MonoManager ReloadAssembly
Native extension for WindowsStandalone target not found
Refreshing native plugins compatible for Editor in 0.60 ms, found 2 plugins.
Preloading 0 native plugins for Editor in 0.00 ms.
Mono: successfully reloaded assembly
- Completed reload, in  1.762 seconds
Platform modules already initialized, skipping
Refreshing native plugins compatible for Editor in 0.66 ms, found 2 plugins.
Preloading 0 native plugins for Editor in 0.00 ms.
Unloading 1383 Unused Serialized files (Serialized files now loaded: 0)
System memory in use before: 77.7 MB.
System memory in use after: 77.7 MB.

Unloading 14 unused Assets to reduce memory usage. Loaded Objects now: 1848.
Total: 4.302900 ms (FindLiveObjects: 0.418400 ms CreateObjectMapping: 0.121000 ms MarkObjects: 3.677600 ms  DeleteObjects: 0.083500 ms)

AssetImportParameters requested are different than current active one (requested -> active):
  custom:framework-win-MediaFoundation: 216162199b28c13a410421893ffa2e32 -> 
  custom:video-decoder-ogg-theora: a1e56fd34408186e4bbccfd4996cb3dc -> 
  custom:container-muxer-webm: aa71ff27fc2769a1b78a27578f13a17b -> 
  custom:container-demuxer-webm: 4f35f7cbe854078d1ac9338744f61a02 -> 
  custom:container-demuxer-ogg: 62fdf1f143b41e24485cea50d1cbac27 -> 
  custom:video-encoder-webm-vp8: eb34c28f22e8b96e1ab97ce403110664 -> 
  custom:video-decoder-webm-vp8: 9c59270c3fd7afecdb556c50c9e8de78 -> 
  custom:audio-decoder-ogg-vorbis: bf7c407c2cedff20999df2af8eb42d56 -> 
  custom:audio-encoder-webm-vorbis: bf7c407c2cedff20999df2af8eb42d56 -> 
========================================================================
Received Import Request.
  Time since last request: 248.724271 seconds.
  path: Assets/Scripts/Movement
  artifactKey: Guid(faddac6f2b292f64a844d89b6c03df0a) Importer(815301076,1909f56bfc062723c751e8b465ee728b)
Start importing Assets/Scripts/Movement using Guid(faddac6f2b292f64a844d89b6c03df0a) Importer(815301076,1909f56bfc062723c751e8b465ee728b)  -> (artifact id: 'c81016263abf06cc68371aa6190dac34') in 0.008242 seconds 
  Import took 0.013987 seconds .

========================================================================
Received Prepare
Registering precompiled user dll's ...
Registered in 0.010006 seconds.
Begin MonoManager ReloadAssembly
Native extension for WindowsStandalone target not found
Refreshing native plugins compatible for Editor in 0.38 ms, found 2 plugins.
Preloading 0 native plugins for Editor in 0.00 ms.
Mono: successfully reloaded assembly
- Completed reload, in  1.750 seconds
Platform modules already initialized, skipping
Refreshing native plugins compatible for Editor in 0.56 ms, found 2 plugins.
Preloading 0 native plugins for Editor in 0.00 ms.
Unloading 1383 Unused Serialized files (Serialized files now loaded: 0)
System memory in use before: 77.7 MB.
System memory in use after: 77.8 MB.

Unloading 14 unused Assets to reduce memory usage. Loaded Objects now: 1851.
Total: 2.267700 ms (FindLiveObjects: 0.181800 ms CreateObjectMapping: 0.068900 ms MarkObjects: 1.910500 ms  DeleteObjects: 0.105100 ms)

AssetImportParameters requested are different than current active one (requested -> active):
  custom:framework-win-MediaFoundation: 216162199b28c13a410421893ffa2e32 -> 
  custom:video-decoder-ogg-theora: a1e56fd34408186e4bbccfd4996cb3dc -> 
  custom:container-muxer-webm: aa71ff27fc2769a1b78a27578f13a17b -> 
  custom:container-demuxer-webm: 4f35f7cbe854078d1ac9338744f61a02 -> 
  custom:container-demuxer-ogg: 62fdf1f143b41e24485cea50d1cbac27 -> 
  custom:video-encoder-webm-vp8: eb34c28f22e8b96e1ab97ce403110664 -> 
  custom:video-decoder-webm-vp8: 9c59270c3fd7afecdb556c50c9e8de78 -> 
  custom:audio-decoder-ogg-vorbis: bf7c407c2cedff20999df2af8eb42d56 -> 
  custom:audio-encoder-webm-vorbis: bf7c407c2cedff20999df2af8eb42d56 -> 
========================================================================
Received Import Request.
  Time since last request: 39.455841 seconds.
  path: Assets/Scripts/Core
  artifactKey: Guid(f31d283afd3a8944f8ffbc4d2383f98b) Importer(815301076,1909f56bfc062723c751e8b465ee728b)
Start importing Assets/Scripts/Core using Guid(f31d283afd3a8944f8ffbc4d2383f98b) Importer(815301076,1909f56bfc062723c751e8b465ee728b)  -> (artifact id: '2c2f15d73eb782d384a37be37d4b3d7b') in 0.007707 seconds 
  Import took 0.012161 seconds .

========================================================================
Received Prepare
Registering precompiled user dll's ...
Registered in 0.012171 seconds.
Begin MonoManager ReloadAssembly
Native extension for WindowsStandalone target not found
Refreshing native plugins compatible for Editor in 0.87 ms, found 2 plugins.
Preloading 0 native plugins for Editor in 0.00 ms.
Mono: successfully reloaded assembly
- Completed reload, in  1.783 seconds
Platform modules already initialized, skipping
Refreshing native plugins compatible for Editor in 0.49 ms, found 2 plugins.
Preloading 0 native plugins for Editor in 0.00 ms.
Unloading 1383 Unused Serialized files (Serialized files now loaded: 0)
System memory in use before: 77.7 MB.
System memory in use after: 77.8 MB.

Unloading 14 unused Assets to reduce memory usage. Loaded Objects now: 1854.
Total: 2.899500 ms (FindLiveObjects: 0.572000 ms CreateObjectMapping: 0.109400 ms MarkObjects: 2.136300 ms  DeleteObjects: 0.080200 ms)

AssetImportParameters requested are different than current active one (requested -> active):
  custom:framework-win-MediaFoundation: 216162199b28c13a410421893ffa2e32 -> 
  custom:video-decoder-ogg-theora: a1e56fd34408186e4bbccfd4996cb3dc -> 
  custom:container-muxer-webm: aa71ff27fc2769a1b78a27578f13a17b -> 
  custom:container-demuxer-webm: 4f35f7cbe854078d1ac9338744f61a02 -> 
  custom:container-demuxer-ogg: 62fdf1f143b41e24485cea50d1cbac27 -> 
  custom:video-encoder-webm-vp8: eb34c28f22e8b96e1ab97ce403110664 -> 
  custom:video-decoder-webm-vp8: 9c59270c3fd7afecdb556c50c9e8de78 -> 
  custom:audio-decoder-ogg-vorbis: bf7c407c2cedff20999df2af8eb42d56 -> 
  custom:audio-encoder-webm-vorbis: bf7c407c2cedff20999df2af8eb42d56 -> 
========================================================================
Received Import Request.
  Time since last request: 44.048673 seconds.
  path: Assets/Game/Player.prefab
  artifactKey: Guid(03a0788dd4f3ff44da0e29a9e9451820) Importer(815301076,1909f56bfc062723c751e8b465ee728b)
Start importing Assets/Game/Player.prefab using Guid(03a0788dd4f3ff44da0e29a9e9451820) Importer(815301076,1909f56bfc062723c751e8b465ee728b)  -> (artifact id: 'f9d8f2d2a88fddefd7cbfc5bb29c7e9e') in 0.209715 seconds 
  Import took 0.216858 seconds .

========================================================================
Received Import Request.
  Time since last request: 0.002156 seconds.
  path: Assets/Game/Player.prefab
  artifactKey: Guid(03a0788dd4f3ff44da0e29a9e9451820) Importer(815301076,1909f56bfc062723c751e8b465ee728b)
Start importing Assets/Game/Player.prefab using Guid(03a0788dd4f3ff44da0e29a9e9451820) Importer(815301076,1909f56bfc062723c751e8b465ee728b)  -> (artifact id: 'f9d8f2d2a88fddefd7cbfc5bb29c7e9e') in 0.067921 seconds 
  Import took 0.073417 seconds .

========================================================================
Received Import Request.
  Time since last request: 27.969915 seconds.
  path: Assets/Characters/Character.controller
  artifactKey: Guid(f00c85ce7e097b04589d15eb369cd7e6) Importer(815301076,1909f56bfc062723c751e8b465ee728b)
Start importing Assets/Characters/Character.controller using Guid(f00c85ce7e097b04589d15eb369cd7e6) Importer(815301076,1909f56bfc062723c751e8b465ee728b)  -> (artifact id: '40669bde51303dd723dd5da0f148bcc1') in 0.023292 seconds 
  Import took 0.028423 seconds .

========================================================================
Received Import Request.
  Time since last request: 51.236133 seconds.
  path: Assets/Game/Core
  artifactKey: Guid(df6330ff20b98d346ad782527ccc397e) Importer(815301076,1909f56bfc062723c751e8b465ee728b)
Start importing Assets/Game/Core using Guid(df6330ff20b98d346ad782527ccc397e) Importer(815301076,1909f56bfc062723c751e8b465ee728b)  -> (artifact id: 'ad23cbea390df7d8315c6feaa071eee2') in 0.004447 seconds 
  Import took 0.034889 seconds .

========================================================================
Received Import Request.
  Time since last request: 39.782083 seconds.
  path: Assets/Scenes/SampleScene.unity
  artifactKey: Guid(9fc0d4010bbf28b4594072e72b8655ab) Importer(815301076,1909f56bfc062723c751e8b465ee728b)
Start importing Assets/Scenes/SampleScene.unity using Guid(9fc0d4010bbf28b4594072e72b8655ab) Importer(815301076,1909f56bfc062723c751e8b465ee728b)  -> (artifact id: '2d18902b227457cb2b3bcdd1906f287a') in 0.013116 seconds 
  Import took 0.019081 seconds .

========================================================================
Received Import Request.
  Time since last request: 31.424086 seconds.
  path: Assets/Sandbox Terrain.asset
  artifactKey: Guid(168b6f47c4d228e42b51b774f05be407) Importer(815301076,1909f56bfc062723c751e8b465ee728b)
Start importing Assets/Sandbox Terrain.asset using Guid(168b6f47c4d228e42b51b774f05be407) Importer(815301076,1909f56bfc062723c751e8b465ee728b)  -> (artifact id: '0df17c918ea0a65f29618d1ea8fcf102') in 0.046669 seconds 
  Import took 0.051006 seconds .

========================================================================
Received Import Request.
  Time since last request: 5.383946 seconds.
  path: Assets/Scenes
  artifactKey: Guid(62ce3c529611004408b3d48cd2fc5f19) Importer(815301076,1909f56bfc062723c751e8b465ee728b)
Start importing Assets/Scenes using Guid(62ce3c529611004408b3d48cd2fc5f19) Importer(815301076,1909f56bfc062723c751e8b465ee728b)  -> (artifact id: '811ded596a2d29745b5f3e49127d0544') in 0.005044 seconds 
  Import took 0.017913 seconds .

========================================================================
Received Import Request.
  Time since last request: 2.594186 seconds.
  path: Assets/Scenes/SampleScene
  artifactKey: Guid(b8207afcbaaf68e419a57e84304b6466) Importer(815301076,1909f56bfc062723c751e8b465ee728b)
Start importing Assets/Scenes/SampleScene using Guid(b8207afcbaaf68e419a57e84304b6466) Importer(815301076,1909f56bfc062723c751e8b465ee728b)  -> (artifact id: 'e7c8e206c51b39439e1d08bd4c7b58b1') in 0.003958 seconds 
  Import took 0.011537 seconds .

========================================================================
Received Import Request.
  Time since last request: 0.001093 seconds.
  path: Assets/Scenes/SampleScene
  artifactKey: Guid(b8207afcbaaf68e419a57e84304b6466) Importer(815301076,1909f56bfc062723c751e8b465ee728b)
Start importing Assets/Scenes/SampleScene using Guid(b8207afcbaaf68e419a57e84304b6466) Importer(815301076,1909f56bfc062723c751e8b465ee728b)  -> (artifact id: 'e7c8e206c51b39439e1d08bd4c7b58b1') in 0.004531 seconds 
  Import took 0.015917 seconds .

========================================================================
Received Import Request.
  Time since last request: 38.114839 seconds.
  path: Assets/Scenes/Sandbox.unity
  artifactKey: Guid(9fc0d4010bbf28b4594072e72b8655ab) Importer(815301076,1909f56bfc062723c751e8b465ee728b)
Start importing Assets/Scenes/Sandbox.unity using Guid(9fc0d4010bbf28b4594072e72b8655ab) Importer(815301076,1909f56bfc062723c751e8b465ee728b)  -> (artifact id: '9fa1f2710d822b77951d286a6f78090e') in 0.003211 seconds 
  Import took 0.006450 seconds .

========================================================================
Received Import Request.
  Time since last request: 8.401045 seconds.
  path: Assets/Scenes/Sandbox
  artifactKey: Guid(b8207afcbaaf68e419a57e84304b6466) Importer(815301076,1909f56bfc062723c751e8b465ee728b)
Start importing Assets/Scenes/Sandbox using Guid(b8207afcbaaf68e419a57e84304b6466) Importer(815301076,1909f56bfc062723c751e8b465ee728b)  -> (artifact id: '9984b6450af95ab71c11bbd1762d9bf1') in 0.002911 seconds 
  Import took 0.007534 seconds .

========================================================================
Received Prepare
Registering precompiled user dll's ...
Registered in 0.006891 seconds.
Begin MonoManager ReloadAssembly
Native extension for WindowsStandalone target not found
Refreshing native plugins compatible for Editor in 0.68 ms, found 2 plugins.
Preloading 0 native plugins for Editor in 0.00 ms.
Mono: successfully reloaded assembly
- Completed reload, in  1.759 seconds
Platform modules already initialized, skipping
Refreshing native plugins compatible for Editor in 0.36 ms, found 2 plugins.
Preloading 0 native plugins for Editor in 0.00 ms.
Unloading 1383 Unused Serialized files (Serialized files now loaded: 0)
System memory in use before: 94.4 MB.
System memory in use after: 94.5 MB.

Unloading 14 unused Assets to reduce memory usage. Loaded Objects now: 1866.
Total: 3.044700 ms (FindLiveObjects: 0.415800 ms CreateObjectMapping: 0.143200 ms MarkObjects: 2.071000 ms  DeleteObjects: 0.413100 ms)

AssetImportParameters requested are different than current active one (requested -> active):
  custom:framework-win-MediaFoundation: 216162199b28c13a410421893ffa2e32 -> 
  custom:video-decoder-ogg-theora: a1e56fd34408186e4bbccfd4996cb3dc -> 
  custom:container-muxer-webm: aa71ff27fc2769a1b78a27578f13a17b -> 
  custom:container-demuxer-webm: 4f35f7cbe854078d1ac9338744f61a02 -> 
  custom:container-demuxer-ogg: 62fdf1f143b41e24485cea50d1cbac27 -> 
  custom:video-encoder-webm-vp8: eb34c28f22e8b96e1ab97ce403110664 -> 
  custom:video-decoder-webm-vp8: 9c59270c3fd7afecdb556c50c9e8de78 -> 
  custom:audio-decoder-ogg-vorbis: bf7c407c2cedff20999df2af8eb42d56 -> 
  custom:audio-encoder-webm-vorbis: bf7c407c2cedff20999df2af8eb42d56 -> 
========================================================================
Received Import Request.
  Time since last request: 43.039665 seconds.
  path: Assets/New Folder
  artifactKey: Guid(875cf500d133bfe4f919b381847ab252) Importer(815301076,1909f56bfc062723c751e8b465ee728b)
Start importing Assets/New Folder using Guid(875cf500d133bfe4f919b381847ab252) Importer(815301076,1909f56bfc062723c751e8b465ee728b)  -> (artifact id: 'da07a7387ae9bd4ba848cd4d7f6107e1') in 0.016890 seconds 
  Import took 0.020897 seconds .

========================================================================
Received Import Request.
  Time since last request: 72.098111 seconds.
  path: Assets/Scenes/Shared
  artifactKey: Guid(600c1715241e907428b3526f1062b78c) Importer(815301076,1909f56bfc062723c751e8b465ee728b)
Start importing Assets/Scenes/Shared using Guid(600c1715241e907428b3526f1062b78c) Importer(815301076,1909f56bfc062723c751e8b465ee728b)  -> (artifact id: 'e4b7a6a8476c608cbec78b7425fd6d06') in 0.003417 seconds 
  Import took 0.006746 seconds .

